==> Making package: alsa-utils-runit 20220321-1 (Fri 05 Sep 2025 04:52:16 AM UTC)
==> Checking runtime dependencies...
==> Checking buildtime dependencies...
==> Retrieving sources...
  -> Found alsa.run
  -> Found alsa.finish
==> WARNING: Skipping verification of source file PGP signatures.
==> Validating source files with sha256sums...
    alsa.run ... Passed
    alsa.finish ... Passed
==> Extracting sources...
==> Removing existing $pkgdir/ directory...
==> Entering fakeroot environment...
==> Starting package()...
==> Tidying install...
  -> Removing libtool files...
  -> Purging unwanted files...
  -> Removing static library files...
  -> Stripping unneeded symbols from binaries and libraries...
  -> Compressing man and info pages...
==> Checking for packaging issues...
==> Creating package "alsa-utils-runit"...
  -> Generating .PKGINFO file...
  -> Generating .BUILDINFO file...
  -> Adding install file...
  -> Generating .MTREE file...
  -> Compressing package...
==> Leaving fakeroot environment.
==> Finished making: alsa-utils-runit 20220321-1 (Fri 05 Sep 2025 04:52:46 AM UTC)
