==> Making package: apache-runit 20220314-1 (Fri 05 Sep 2025 03:37:49 AM UTC)
==> Checking runtime dependencies...
==> Checking buildtime dependencies...
==> Retrieving sources...
  -> Found apache.run
  -> Found apache.log.run
==> WARNING: Skipping verification of source file PGP signatures.
==> Validating source files with b2sums...
    apache.run ... Passed
    apache.log.run ... Passed
==> Extracting sources...
==> Entering fakeroot environment...
==> Starting package()...
==> Tidying install...
  -> Removing libtool files...
  -> Purging unwanted files...
  -> Removing static library files...
  -> Stripping unneeded symbols from binaries and libraries...
  -> Compressing man and info pages...
==> Checking for packaging issues...
==> Creating package "apache-runit"...
  -> Generating .PKGINFO file...
  -> Generating .BUILDINFO file...
  -> Adding install file...
  -> Generating .MTREE file...
  -> Compressing package...
==> Leaving fakeroot environment.
==> Finished making: apache-runit 20220314-1 (Fri 05 Sep 2025 03:38:19 AM UTC)
