==> Making package: apparmor-runit 20220321-2 (Fri 05 Sep 2025 04:25:04 AM UTC)
==> Checking runtime dependencies...
==> Checking buildtime dependencies...
==> Retrieving sources...
  -> Found apparmor
  -> Found apparmor.conf
==> WARNING: Skipping verification of source file PGP signatures.
==> Validating source files with sha256sums...
    apparmor ... Passed
    apparmor.conf ... Passed
==> Extracting sources...
==> Removing existing $pkgdir/ directory...
==> Entering fakeroot environment...
==> Starting package()...
==> Tidying install...
  -> Removing libtool files...
  -> Purging unwanted files...
  -> Removing static library files...
  -> Stripping unneeded symbols from binaries and libraries...
  -> Compressing man and info pages...
==> Checking for packaging issues...
==> Creating package "apparmor-runit"...
  -> Generating .PKGINFO file...
  -> Generating .BUILDINFO file...
  -> Adding install file...
  -> Generating .MTREE file...
  -> Compressing package...
==> Leaving fakeroot environment.
==> Finished making: apparmor-runit 20220321-2 (Fri 05 Sep 2025 04:25:35 AM UTC)
