==> Making package: audit-runit 20181212-4 (Fri 05 Sep 2025 04:25:55 AM UTC)
==> Checking runtime dependencies...
==> Checking buildtime dependencies...
==> Retrieving sources...
  -> Found auditd.run
  -> Found auditctl.run
  -> Found auditctl.finish
  -> Found auditctl.conf
==> WARNING: Skipping verification of source file PGP signatures.
==> Validating source files with sha256sums...
    auditd.run ... Passed
    auditctl.run ... Passed
    auditctl.finish ... Passed
    auditctl.conf ... Passed
==> Extracting sources...
==> Removing existing $pkgdir/ directory...
==> Entering fakeroot environment...
==> Starting package()...
==> Tidying install...
  -> Removing libtool files...
  -> Purging unwanted files...
  -> Removing static library files...
  -> Stripping unneeded symbols from binaries and libraries...
  -> Compressing man and info pages...
==> Checking for packaging issues...
==> Creating package "audit-runit"...
  -> Generating .PKGINFO file...
  -> Generating .BUILDINFO file...
  -> Generating .MTREE file...
  -> Compressing package...
==> Leaving fakeroot environment.
==> Finished making: audit-runit 20181212-4 (Fri 05 Sep 2025 04:26:27 AM UTC)
