==> Making package: avahi-runit 20180226-3 (Fri 05 Sep 2025 04:55:40 AM UTC)
==> Checking runtime dependencies...
==> Checking buildtime dependencies...
==> Retrieving sources...
  -> Found avahi-daemon.run
==> WARNING: Skipping verification of source file PGP signatures.
==> Validating source files with sha256sums...
    avahi-daemon.run ... Passed
==> Extracting sources...
==> Entering fakeroot environment...
==> Starting package()...
==> Tidying install...
  -> Removing libtool files...
  -> Purging unwanted files...
  -> Removing static library files...
  -> Stripping unneeded symbols from binaries and libraries...
  -> Compressing man and info pages...
==> Checking for packaging issues...
==> Creating package "avahi-runit"...
  -> Generating .PKGINFO file...
  -> Generating .BUILDINFO file...
  -> Generating .MTREE file...
  -> Compressing package...
==> Leaving fakeroot environment.
==> Finished making: avahi-runit 20180226-3 (Fri 05 Sep 2025 04:56:09 AM UTC)
