==> Making package: bind-runit 20180226-5 (Fri 05 Sep 2025 04:56:30 AM UTC)
==> Checking runtime dependencies...
==> Checking buildtime dependencies...
==> Retrieving sources...
  -> Found named.run
==> WARNING: Skipping verification of source file PGP signatures.
==> Validating source files with sha256sums...
    named.run ... Passed
==> Extracting sources...
==> Removing existing $pkgdir/ directory...
==> Entering fakeroot environment...
==> Starting package()...
==> Tidying install...
  -> Removing libtool files...
  -> Purging unwanted files...
  -> Removing static library files...
  -> Stripping unneeded symbols from binaries and libraries...
  -> Compressing man and info pages...
==> Checking for packaging issues...
==> Creating package "bind-runit"...
  -> Generating .PKGINFO file...
  -> Generating .BUILDINFO file...
  -> Generating .MTREE file...
  -> Compressing package...
==> Leaving fakeroot environment.
==> Finished making: bind-runit 20180226-5 (Fri 05 Sep 2025 04:56:59 AM UTC)
