==> Making package: cronie-runit 20200613-3 (Fri 05 Sep 2025 04:59:35 AM UTC)
==> Checking runtime dependencies...
==> Checking buildtime dependencies...
==> Retrieving sources...
  -> Found cronie.run
==> WARNING: Skipping verification of source file PGP signatures.
==> Validating source files with sha256sums...
    cronie.run ... Passed
==> Extracting sources...
==> Removing existing $pkgdir/ directory...
==> Entering fakeroot environment...
==> Starting package()...
==> Tidying install...
  -> Removing libtool files...
  -> Purging unwanted files...
  -> Removing static library files...
  -> Stripping unneeded symbols from binaries and libraries...
  -> Compressing man and info pages...
==> Checking for packaging issues...
==> Creating package "cronie-runit"...
  -> Generating .PKGINFO file...
  -> Generating .BUILDINFO file...
  -> Generating .MTREE file...
  -> Compressing package...
==> Leaving fakeroot environment.
==> Finished making: cronie-runit 20200613-3 (Fri 05 Sep 2025 05:00:04 AM UTC)
