==> Making package: darkhttpd-runit 20200711-2 (Fri 05 Sep 2025 04:31:49 AM UTC)
==> Checking runtime dependencies...
==> Checking buildtime dependencies...
==> Retrieving sources...
  -> Found darkhttpd.run
  -> Found darkhttpd.conf
  -> Found logdarkhttpd.run
==> WARNING: Skipping verification of source file PGP signatures.
==> Validating source files with sha256sums...
    darkhttpd.run ... Passed
    darkhttpd.conf ... Passed
    logdarkhttpd.run ... Passed
==> Extracting sources...
==> Removing existing $pkgdir/ directory...
==> Entering fakeroot environment...
==> Starting package()...
==> Tidying install...
  -> Removing libtool files...
  -> Purging unwanted files...
  -> Removing static library files...
  -> Stripping unneeded symbols from binaries and libraries...
  -> Compressing man and info pages...
==> Checking for packaging issues...
==> Creating package "darkhttpd-runit"...
  -> Generating .PKGINFO file...
  -> Generating .BUILDINFO file...
  -> Generating .MTREE file...
  -> Compressing package...
==> Leaving fakeroot environment.
==> Finished making: darkhttpd-runit 20200711-2 (Fri 05 Sep 2025 04:32:20 AM UTC)
