==> Making package: dbus-runit 20220314-1 (Fri 05 Sep 2025 03:46:18 AM UTC)
==> Checking runtime dependencies...
==> Checking buildtime dependencies...
==> Retrieving sources...
  -> Found dbus.run
  -> Found dbus.check
  -> Found dbus.log.run
  -> Found 80-dbus.sh
==> WARNING: Skipping verification of source file PGP signatures.
==> Validating source files with b2sums...
    dbus.run ... Passed
    dbus.check ... Passed
    dbus.log.run ... Passed
    80-dbus.sh ... Passed
==> Extracting sources...
==> Entering fakeroot environment...
==> Starting package()...
==> Tidying install...
  -> Removing libtool files...
  -> Purging unwanted files...
  -> Removing static library files...
  -> Stripping unneeded symbols from binaries and libraries...
  -> Compressing man and info pages...
==> Checking for packaging issues...
==> Creating package "dbus-runit"...
  -> Generating .PKGINFO file...
  -> Generating .BUILDINFO file...
  -> Adding install file...
  -> Generating .MTREE file...
  -> Compressing package...
==> Leaving fakeroot environment.
==> Finished making: dbus-runit 20220314-1 (Fri 05 Sep 2025 03:46:50 AM UTC)
