==> Making package: deluge-runit 20200711-3 (Fri 05 Sep 2025 03:47:11 AM UTC)
==> Checking runtime dependencies...
==> Checking buildtime dependencies...
==> Retrieving sources...
  -> Found deluged.run
  -> Found deluge-web.run
==> WARNING: Skipping verification of source file PGP signatures.
==> Validating source files with sha256sums...
    deluged.run ... Passed
    deluge-web.run ... Passed
==> Extracting sources...
==> Entering fakeroot environment...
==> Starting package()...
==> Tidying install...
  -> Removing libtool files...
  -> Purging unwanted files...
  -> Removing static library files...
  -> Stripping unneeded symbols from binaries and libraries...
  -> Compressing man and info pages...
==> Checking for packaging issues...
==> Creating package "deluge-runit"...
  -> Generating .PKGINFO file...
  -> Generating .BUILDINFO file...
  -> Generating .MTREE file...
  -> Compressing package...
==> Leaving fakeroot environment.
==> Finished making: deluge-runit 20200711-3 (Fri 05 Sep 2025 03:47:41 AM UTC)
