==> Making package: dhcpcd-runit 20200620-2 (Fri 05 Sep 2025 05:04:03 AM UTC)
==> Checking runtime dependencies...
==> Checking buildtime dependencies...
==> Retrieving sources...
  -> Found dhcpcd.run
  -> Found dhcpcd.conf
==> WARNING: Skipping verification of source file PGP signatures.
==> Validating source files with sha256sums...
    dhcpcd.run ... Passed
    dhcpcd.conf ... Passed
==> Extracting sources...
==> Removing existing $pkgdir/ directory...
==> Entering fakeroot environment...
==> Starting package()...
==> Tidying install...
  -> Removing libtool files...
  -> Purging unwanted files...
  -> Removing static library files...
  -> Stripping unneeded symbols from binaries and libraries...
  -> Compressing man and info pages...
==> Checking for packaging issues...
==> Creating package "dhcpcd-runit"...
  -> Generating .PKGINFO file...
  -> Generating .BUILDINFO file...
  -> Generating .MTREE file...
  -> Compressing package...
==> Leaving fakeroot environment.
==> Finished making: dhcpcd-runit 20200620-2 (Fri 05 Sep 2025 05:04:33 AM UTC)
