==> Making package: dhcp-runit 20180226-4 (Fri 05 Sep 2025 05:04:54 AM UTC)
==> Checking runtime dependencies...
==> Checking buildtime dependencies...
==> Retrieving sources...
  -> Found dhclient.run
  -> Found dhcpd4.run
  -> Found dhcpd6.run
==> WARNING: Skipping verification of source file PGP signatures.
==> Validating source files with sha256sums...
    dhclient.run ... Passed
    dhcpd4.run ... Passed
    dhcpd6.run ... Passed
==> Extracting sources...
==> Removing existing $pkgdir/ directory...
==> Entering fakeroot environment...
==> Starting package()...
==> Tidying install...
  -> Removing libtool files...
  -> Purging unwanted files...
  -> Removing static library files...
  -> Stripping unneeded symbols from binaries and libraries...
  -> Compressing man and info pages...
==> Checking for packaging issues...
==> Creating package "dhcp-runit"...
  -> Generating .PKGINFO file...
  -> Generating .BUILDINFO file...
  -> Generating .MTREE file...
  -> Compressing package...
==> Leaving fakeroot environment.
==> Finished making: dhcp-runit 20180226-4 (Fri 05 Sep 2025 05:05:25 AM UTC)
