==> Making package: distcc-runit 20201005-2 (Fri 05 Sep 2025 04:36:29 AM UTC)
==> Checking runtime dependencies...
==> Checking buildtime dependencies...
==> Retrieving sources...
  -> Found distcc.run
==> WARNING: Skipping verification of source file PGP signatures.
==> Validating source files with sha256sums...
    distcc.run ... Passed
==> Extracting sources...
==> Removing existing $pkgdir/ directory...
==> Entering fakeroot environment...
==> Starting package()...
==> Tidying install...
  -> Removing libtool files...
  -> Purging unwanted files...
  -> Removing static library files...
  -> Stripping unneeded symbols from binaries and libraries...
  -> Compressing man and info pages...
==> Checking for packaging issues...
==> Creating package "distcc-runit"...
  -> Generating .PKGINFO file...
  -> Generating .BUILDINFO file...
  -> Generating .MTREE file...
  -> Compressing package...
==> Leaving fakeroot environment.
==> Finished making: distcc-runit 20201005-2 (Fri 05 Sep 2025 04:36:58 AM UTC)
