==> Making package: elogind-runit 20231119-1 (Fri 05 Sep 2025 05:07:47 AM UTC)
==> Checking runtime dependencies...
==> Checking buildtime dependencies...
==> Retrieving sources...
  -> Found elogind.run
  -> Found elogind.check
==> WARNING: Skipping verification of source file PGP signatures.
==> Validating source files with sha512sums...
    elogind.run ... Passed
    elogind.check ... Passed
==> Extracting sources...
==> Entering fakeroot environment...
==> Starting package()...
==> Tidying install...
  -> Removing libtool files...
  -> Purging unwanted files...
  -> Removing static library files...
  -> Stripping unneeded symbols from binaries and libraries...
  -> Compressing man and info pages...
==> Checking for packaging issues...
==> Creating package "elogind-runit"...
  -> Generating .PKGINFO file...
  -> Generating .BUILDINFO file...
  -> Generating .MTREE file...
  -> Compressing package...
==> Leaving fakeroot environment.
==> Finished making: elogind-runit 20231119-1 (Fri 05 Sep 2025 05:08:17 AM UTC)
