==> Making package: firewalld-runit 20200623-2 (Fri 05 Sep 2025 05:09:20 AM UTC)
==> Checking runtime dependencies...
==> Checking buildtime dependencies...
==> Retrieving sources...
  -> Found firewalld.run
==> WARNING: Skipping verification of source file PGP signatures.
==> Validating source files with sha256sums...
    firewalld.run ... Passed
==> Extracting sources...
==> Removing existing $pkgdir/ directory...
==> Entering fakeroot environment...
==> Starting package()...
==> Tidying install...
  -> Removing libtool files...
  -> Purging unwanted files...
  -> Removing static library files...
  -> Stripping unneeded symbols from binaries and libraries...
  -> Compressing man and info pages...
==> Checking for packaging issues...
==> Creating package "firewalld-runit"...
  -> Generating .PKGINFO file...
  -> Generating .BUILDINFO file...
  -> Generating .MTREE file...
  -> Compressing package...
==> Leaving fakeroot environment.
==> Finished making: firewalld-runit 20200623-2 (Fri 05 Sep 2025 05:09:49 AM UTC)
