==> Making package: git-runit 20180226-3 (Fri 05 Sep 2025 04:40:28 AM UTC)
==> Checking runtime dependencies...
==> Checking buildtime dependencies...
==> Retrieving sources...
  -> Found git-daemon.run
  -> Found loggit-daemon.run
==> WARNING: Skipping verification of source file PGP signatures.
==> Validating source files with sha256sums...
    git-daemon.run ... Passed
    loggit-daemon.run ... Passed
==> Extracting sources...
==> Removing existing $pkgdir/ directory...
==> Entering fakeroot environment...
==> Starting package()...
==> Tidying install...
  -> Removing libtool files...
  -> Purging unwanted files...
  -> Removing static library files...
  -> Stripping unneeded symbols from binaries and libraries...
  -> Compressing man and info pages...
==> Checking for packaging issues...
==> Creating package "git-runit"...
  -> Generating .PKGINFO file...
  -> Generating .BUILDINFO file...
  -> Generating .MTREE file...
  -> Compressing package...
==> Leaving fakeroot environment.
==> Finished making: git-runit 20180226-3 (Fri 05 Sep 2025 04:40:58 AM UTC)
