==> Making package: hdparm-runit 20210407-2 (Fri 05 Sep 2025 04:42:59 AM UTC)
==> Checking runtime dependencies...
==> Checking buildtime dependencies...
==> Retrieving sources...
  -> Found hdparm
  -> Found hdparm.conf
==> WARNING: Skipping verification of source file PGP signatures.
==> Validating source files with sha256sums...
    hdparm ... Passed
    hdparm.conf ... Passed
==> Extracting sources...
==> Entering fakeroot environment...
==> Starting package()...
==> Tidying install...
  -> Removing libtool files...
  -> Purging unwanted files...
  -> Removing static library files...
  -> Stripping unneeded symbols from binaries and libraries...
  -> Compressing man and info pages...
==> Checking for packaging issues...
libfakeroot internal error: payload not recognized!
==> Creating package "hdparm-runit"...
  -> Generating .PKGINFO file...
  -> Generating .BUILDINFO file...
  -> Generating .MTREE file...
  -> Compressing package...
==> Leaving fakeroot environment.
==> Finished making: hdparm-runit 20210407-2 (Fri 05 Sep 2025 04:43:28 AM UTC)
