==> Making package: iptables-runit 20200613-3 (Fri 05 Sep 2025 04:43:49 AM UTC)
==> Checking runtime dependencies...
==> Checking buildtime dependencies...
==> Retrieving sources...
  -> Found iptables.run
  -> Found ip6tables.run
==> WARNING: Skipping verification of source file PGP signatures.
==> Validating source files with sha256sums...
    iptables.run ... Passed
    ip6tables.run ... Passed
==> Extracting sources...
==> Removing existing $pkgdir/ directory...
==> Entering fakeroot environment...
==> Starting package()...
==> Tidying install...
  -> Removing libtool files...
  -> Purging unwanted files...
  -> Removing static library files...
  -> Stripping unneeded symbols from binaries and libraries...
  -> Compressing man and info pages...
==> Checking for packaging issues...
==> Creating package "iptables-runit"...
  -> Generating .PKGINFO file...
  -> Generating .BUILDINFO file...
  -> Generating .MTREE file...
  -> Compressing package...
==> Leaving fakeroot environment.
==> Finished making: iptables-runit 20200613-3 (Fri 05 Sep 2025 04:44:19 AM UTC)
