==> Making package: iwd-runit 20220305-2 (Fri 05 Sep 2025 05:14:23 AM UTC)
==> Checking runtime dependencies...
==> Checking buildtime dependencies...
==> Retrieving sources...
  -> Found iwd.run
  -> Found iwd.log.run
==> WARNING: Skipping verification of source file PGP signatures.
==> Validating source files with sha256sums...
    iwd.run ... Passed
    iwd.log.run ... Passed
==> Extracting sources...
==> Entering fakeroot environment...
==> Starting package()...
==> Tidying install...
  -> Removing libtool files...
  -> Purging unwanted files...
  -> Removing static library files...
  -> Stripping unneeded symbols from binaries and libraries...
  -> Compressing man and info pages...
==> Checking for packaging issues...
==> Creating package "iwd-runit"...
  -> Generating .PKGINFO file...
  -> Generating .BUILDINFO file...
  -> Adding install file...
  -> Generating .MTREE file...
  -> Compressing package...
==> Leaving fakeroot environment.
==> Finished making: iwd-runit 20220305-2 (Fri 05 Sep 2025 05:14:54 AM UTC)
