==> Making package: jenkins-runit 20200613-4 (Fri 05 Sep 2025 04:45:01 AM UTC)
==> Checking runtime dependencies...
==> Checking buildtime dependencies...
==> Retrieving sources...
  -> Found jenkins.run
==> WARNING: Skipping verification of source file PGP signatures.
==> Validating source files with sha256sums...
    jenkins.run ... Passed
==> Extracting sources...
==> Entering fakeroot environment...
==> Starting package()...
==> Tidying install...
  -> Removing libtool files...
  -> Purging unwanted files...
  -> Removing static library files...
  -> Stripping unneeded symbols from binaries and libraries...
  -> Compressing man and info pages...
==> Checking for packaging issues...
==> Creating package "jenkins-runit"...
  -> Generating .PKGINFO file...
  -> Generating .BUILDINFO file...
  -> Generating .MTREE file...
  -> Compressing package...
==> Leaving fakeroot environment.
==> Finished making: jenkins-runit 20200613-4 (Fri 05 Sep 2025 04:45:31 AM UTC)
