==> Making package: lm_sensors-runit 20180226-4 (Fri 05 Sep 2025 03:59:31 AM UTC)
==> Checking runtime dependencies...
==> Checking buildtime dependencies...
==> Retrieving sources...
  -> Found fancontrol.run
  -> Found lm_sensors.run
  -> Found lm_sensors.finish
==> WARNING: Skipping verification of source file PGP signatures.
==> Validating source files with sha256sums...
    fancontrol.run ... Passed
    lm_sensors.run ... Passed
    lm_sensors.finish ... Passed
==> Extracting sources...
==> Entering fakeroot environment...
==> Starting package()...
==> Tidying install...
  -> Removing libtool files...
  -> Purging unwanted files...
  -> Removing static library files...
  -> Stripping unneeded symbols from binaries and libraries...
  -> Compressing man and info pages...
==> Checking for packaging issues...
==> Creating package "lm_sensors-runit"...
  -> Generating .PKGINFO file...
  -> Generating .BUILDINFO file...
  -> Generating .MTREE file...
  -> Compressing package...
==> Leaving fakeroot environment.
==> Finished making: lm_sensors-runit 20180226-4 (Fri 05 Sep 2025 04:00:02 AM UTC)
