==> Making package: modemmanager-runit 20221204-2 (Fri 05 Sep 2025 05:20:17 AM UTC)
==> Checking runtime dependencies...
==> Checking buildtime dependencies...
==> Retrieving sources...
  -> Found modemmanager.run
  -> Found modemmanager.log.run
==> WARNING: Skipping verification of source file PGP signatures.
==> Validating source files with sha256sums...
    modemmanager.run ... Passed
    modemmanager.log.run ... Passed
==> Extracting sources...
==> Entering fakeroot environment...
==> Starting package()...
==> Tidying install...
  -> Removing libtool files...
  -> Purging unwanted files...
  -> Removing static library files...
  -> Stripping unneeded symbols from binaries and libraries...
  -> Compressing man and info pages...
==> Checking for packaging issues...
==> Creating package "modemmanager-runit"...
  -> Generating .PKGINFO file...
  -> Generating .BUILDINFO file...
  -> Generating .MTREE file...
  -> Compressing package...
==> Leaving fakeroot environment.
==> Finished making: modemmanager-runit 20221204-2 (Fri 05 Sep 2025 05:20:46 AM UTC)
