==> Making package: networkmanager-runit 20180226-3 (Fri 05 Sep 2025 05:21:06 AM UTC)
==> Checking runtime dependencies...
==> Checking buildtime dependencies...
==> Retrieving sources...
  -> Found NetworkManager.run
==> WARNING: Skipping verification of source file PGP signatures.
==> Validating source files with sha256sums...
    NetworkManager.run ... Passed
==> Extracting sources...
==> Entering fakeroot environment...
==> Starting package()...
==> Tidying install...
  -> Removing libtool files...
  -> Purging unwanted files...
  -> Removing static library files...
  -> Stripping unneeded symbols from binaries and libraries...
  -> Compressing man and info pages...
==> Checking for packaging issues...
==> Creating package "networkmanager-runit"...
  -> Generating .PKGINFO file...
  -> Generating .BUILDINFO file...
  -> Generating .MTREE file...
  -> Compressing package...
==> Leaving fakeroot environment.
==> Finished making: networkmanager-runit 20180226-3 (Fri 05 Sep 2025 05:21:35 AM UTC)
