==> Making package: nftables-runit 20200417-2 (Fri 05 Sep 2025 05:22:17 AM UTC)
==> Checking runtime dependencies...
==> Checking buildtime dependencies...
==> Retrieving sources...
  -> Found nftables.run
  -> Found nftables.finish
==> WARNING: Skipping verification of source file PGP signatures.
==> Validating source files with sha256sums...
    nftables.run ... Passed
    nftables.finish ... Passed
==> Extracting sources...
==> Removing existing $pkgdir/ directory...
==> Entering fakeroot environment...
==> Starting package()...
==> Tidying install...
  -> Removing libtool files...
  -> Purging unwanted files...
  -> Removing static library files...
  -> Stripping unneeded symbols from binaries and libraries...
  -> Compressing man and info pages...
==> Checking for packaging issues...
==> Creating package "nftables-runit"...
  -> Generating .PKGINFO file...
  -> Generating .BUILDINFO file...
  -> Generating .MTREE file...
  -> Compressing package...
==> Leaving fakeroot environment.
==> Finished making: nftables-runit 20200417-2 (Fri 05 Sep 2025 05:22:47 AM UTC)
