==> Making package: ntp-runit 20210301-3 (Fri 05 Sep 2025 04:04:08 AM UTC)
==> Checking runtime dependencies...
==> Checking buildtime dependencies...
==> Retrieving sources...
  -> Found ntpd.run
==> WARNING: Skipping verification of source file PGP signatures.
==> Validating source files with sha256sums...
    ntpd.run ... Passed
==> Extracting sources...
==> Entering fakeroot environment...
==> Starting package()...
==> Tidying install...
  -> Removing libtool files...
  -> Purging unwanted files...
  -> Removing static library files...
  -> Stripping unneeded symbols from binaries and libraries...
  -> Compressing man and info pages...
==> Checking for packaging issues...
==> Creating package "ntp-runit"...
  -> Generating .PKGINFO file...
  -> Generating .BUILDINFO file...
  -> Generating .MTREE file...
  -> Compressing package...
==> Leaving fakeroot environment.
==> Finished making: ntp-runit 20210301-3 (Fri 05 Sep 2025 04:04:37 AM UTC)
