==> Making package: openssh-runit 20180429-4 (Fri 05 Sep 2025 05:25:55 AM UTC)
==> Checking runtime dependencies...
==> Checking buildtime dependencies...
==> Retrieving sources...
  -> Found sshd.run
==> WARNING: Skipping verification of source file PGP signatures.
==> Validating source files with sha256sums...
    sshd.run ... Passed
==> Extracting sources...
==> Removing existing $pkgdir/ directory...
==> Entering fakeroot environment...
==> Starting package()...
==> Tidying install...
  -> Removing libtool files...
  -> Purging unwanted files...
  -> Removing static library files...
  -> Stripping unneeded symbols from binaries and libraries...
  -> Compressing man and info pages...
==> Checking for packaging issues...
==> Creating package "openssh-runit"...
  -> Generating .PKGINFO file...
  -> Generating .BUILDINFO file...
  -> Generating .MTREE file...
  -> Compressing package...
==> Leaving fakeroot environment.
==> Finished making: openssh-runit 20180429-4 (Fri 05 Sep 2025 05:26:42 AM UTC)
