==> Making package: openldap-runit 20180429-3 (Fri 05 Sep 2025 05:24:51 AM UTC)
==> Checking runtime dependencies...
==> Checking buildtime dependencies...
==> Retrieving sources...
  -> Found slapd.run
==> WARNING: Skipping verification of source file PGP signatures.
==> Validating source files with sha256sums...
    slapd.run ... Passed
==> Extracting sources...
==> Entering fakeroot environment...
==> Starting package()...
==> Tidying install...
  -> Removing libtool files...
  -> Purging unwanted files...
  -> Removing static library files...
  -> Stripping unneeded symbols from binaries and libraries...
  -> Compressing man and info pages...
==> Checking for packaging issues...
==> Creating package "openldap-runit"...
  -> Generating .PKGINFO file...
  -> Generating .BUILDINFO file...
  -> Generating .MTREE file...
  -> Compressing package...
==> Leaving fakeroot environment.
==> Finished making: openldap-runit 20180429-3 (Fri 05 Sep 2025 05:25:25 AM UTC)
