==> Making package: pcsclite-runit 20190202-4 (Fri 05 Sep 2025 04:06:32 AM UTC)
==> Checking runtime dependencies...
==> Checking buildtime dependencies...
==> Retrieving sources...
  -> Found pcscd.run
==> WARNING: Skipping verification of source file PGP signatures.
==> Validating source files with sha256sums...
    pcscd.run ... Passed
==> Extracting sources...
==> Entering fakeroot environment...
==> Starting package()...
==> Tidying install...
  -> Removing libtool files...
  -> Purging unwanted files...
  -> Removing static library files...
  -> Stripping unneeded symbols from binaries and libraries...
  -> Compressing man and info pages...
==> Checking for packaging issues...
==> Creating package "pcsclite-runit"...
  -> Generating .PKGINFO file...
  -> Generating .BUILDINFO file...
  -> Generating .MTREE file...
  -> Compressing package...
==> Leaving fakeroot environment.
==> Finished making: pcsclite-runit 20190202-4 (Fri 05 Sep 2025 04:07:00 AM UTC)
