==> Making package: postfix-runit 20180602-3 (Fri 05 Sep 2025 05:29:03 AM UTC)
==> Checking runtime dependencies...
==> Checking buildtime dependencies...
==> Retrieving sources...
  -> Found postfix.run
==> WARNING: Skipping verification of source file PGP signatures.
==> Validating source files with sha256sums...
    postfix.run ... Passed
==> Extracting sources...
==> Entering fakeroot environment...
==> Starting package()...
==> Tidying install...
  -> Removing libtool files...
  -> Purging unwanted files...
  -> Removing static library files...
  -> Stripping unneeded symbols from binaries and libraries...
  -> Compressing man and info pages...
==> Checking for packaging issues...
==> Creating package "postfix-runit"...
  -> Generating .PKGINFO file...
  -> Generating .BUILDINFO file...
  -> Generating .MTREE file...
  -> Compressing package...
==> Leaving fakeroot environment.
==> Finished making: postfix-runit 20180602-3 (Fri 05 Sep 2025 05:29:32 AM UTC)
