==> Making package: rsync-runit 20180226-3 (Fri 05 Sep 2025 05:31:19 AM UTC)
==> Checking runtime dependencies...
==> Checking buildtime dependencies...
==> Retrieving sources...
  -> Found rsyncd.run
==> WARNING: Skipping verification of source file PGP signatures.
==> Validating source files with sha256sums...
    rsyncd.run ... Passed
==> Extracting sources...
==> Removing existing $pkgdir/ directory...
==> Entering fakeroot environment...
==> Starting package()...
==> Tidying install...
  -> Removing libtool files...
  -> Purging unwanted files...
  -> Removing static library files...
  -> Stripping unneeded symbols from binaries and libraries...
  -> Compressing man and info pages...
==> Checking for packaging issues...
==> Creating package "rsync-runit"...
  -> Generating .PKGINFO file...
  -> Generating .BUILDINFO file...
  -> Generating .MTREE file...
  -> Compressing package...
==> Leaving fakeroot environment.
==> Finished making: rsync-runit 20180226-3 (Fri 05 Sep 2025 05:31:49 AM UTC)
