==> Making package: sndio-runit 20200417-3 (Fri 05 Sep 2025 05:33:36 AM UTC)
==> Checking runtime dependencies...
==> Checking buildtime dependencies...
==> Retrieving sources...
  -> Found sndio.run
  -> Found logsndio.run
==> WARNING: Skipping verification of source file PGP signatures.
==> Validating source files with sha256sums...
    sndio.run ... Passed
    logsndio.run ... Passed
==> Extracting sources...
==> Entering fakeroot environment...
==> Starting package()...
==> Tidying install...
  -> Removing libtool files...
  -> Purging unwanted files...
  -> Removing static library files...
  -> Stripping unneeded symbols from binaries and libraries...
  -> Compressing man and info pages...
==> Checking for packaging issues...
==> Creating package "sndio-runit"...
  -> Generating .PKGINFO file...
  -> Generating .BUILDINFO file...
  -> Generating .MTREE file...
  -> Compressing package...
==> Leaving fakeroot environment.
==> Finished making: sndio-runit 20200417-3 (Fri 05 Sep 2025 05:34:06 AM UTC)
