==> Making package: tlp-runit 20180314-5 (Fri 05 Sep 2025 05:36:00 AM UTC)
==> Checking runtime dependencies...
==> Checking buildtime dependencies...
==> Retrieving sources...
  -> Found tlp.run
  -> Found tlp.finish
==> WARNING: Skipping verification of source file PGP signatures.
==> Validating source files with sha256sums...
    tlp.run ... Passed
    tlp.finish ... Passed
==> Extracting sources...
==> Entering fakeroot environment...
==> Starting package()...
==> Tidying install...
  -> Removing libtool files...
  -> Purging unwanted files...
  -> Removing static library files...
  -> Stripping unneeded symbols from binaries and libraries...
  -> Compressing man and info pages...
==> Checking for packaging issues...
==> Creating package "tlp-runit"...
  -> Generating .PKGINFO file...
  -> Generating .BUILDINFO file...
  -> Generating .MTREE file...
  -> Compressing package...
==> Leaving fakeroot environment.
==> Finished making: tlp-runit 20180314-5 (Fri 05 Sep 2025 05:36:29 AM UTC)
