==> Making package: ufw-runit 20200614-3 (Fri 05 Sep 2025 05:37:11 AM UTC)
==> Checking runtime dependencies...
==> Checking buildtime dependencies...
==> Retrieving sources...
  -> Found ufw.run
  -> Found ufw.finish
==> WARNING: Skipping verification of source file PGP signatures.
==> Validating source files with sha256sums...
    ufw.run ... Passed
    ufw.finish ... Passed
==> Extracting sources...
==> Entering fakeroot environment...
==> Starting package()...
==> Tidying install...
  -> Removing libtool files...
  -> Purging unwanted files...
  -> Removing static library files...
  -> Stripping unneeded symbols from binaries and libraries...
  -> Compressing man and info pages...
==> Checking for packaging issues...
==> Creating package "ufw-runit"...
  -> Generating .PKGINFO file...
  -> Generating .BUILDINFO file...
  -> Generating .MTREE file...
  -> Compressing package...
==> Leaving fakeroot environment.
==> Finished making: ufw-runit 20200614-3 (Fri 05 Sep 2025 05:37:41 AM UTC)
