==> Making package: vsftpd-runit 20200614-3 (Fri 05 Sep 2025 05:38:23 AM UTC)
==> Checking runtime dependencies...
==> Checking buildtime dependencies...
==> Retrieving sources...
  -> Found vsftpd.run
  -> Found vsftpd-ipv6.run
==> WARNING: Skipping verification of source file PGP signatures.
==> Validating source files with sha256sums...
    vsftpd.run ... Passed
    vsftpd-ipv6.run ... Passed
==> Extracting sources...
==> Entering fakeroot environment...
==> Starting package()...
==> Tidying install...
  -> Removing libtool files...
  -> Purging unwanted files...
  -> Removing static library files...
  -> Stripping unneeded symbols from binaries and libraries...
  -> Compressing man and info pages...
==> Checking for packaging issues...
==> Creating package "vsftpd-runit"...
  -> Generating .PKGINFO file...
  -> Generating .BUILDINFO file...
  -> Generating .MTREE file...
  -> Compressing package...
==> Leaving fakeroot environment.
==> Finished making: vsftpd-runit 20200614-3 (Fri 05 Sep 2025 05:38:52 AM UTC)
