==> Making package: wpa_supplicant-runit 20180429-3 (Fri 05 Sep 2025 05:39:12 AM UTC)
==> Checking runtime dependencies...
==> Checking buildtime dependencies...
==> Retrieving sources...
  -> Found wpa_supplicant.run
==> WARNING: Skipping verification of source file PGP signatures.
==> Validating source files with sha256sums...
    wpa_supplicant.run ... Passed
==> Extracting sources...
==> Removing existing $pkgdir/ directory...
==> Entering fakeroot environment...
==> Starting package()...
==> Tidying install...
  -> Removing libtool files...
  -> Purging unwanted files...
  -> Removing static library files...
  -> Stripping unneeded symbols from binaries and libraries...
  -> Compressing man and info pages...
==> Checking for packaging issues...
==> Creating package "wpa_supplicant-runit"...
  -> Generating .PKGINFO file...
  -> Generating .BUILDINFO file...
  -> Generating .MTREE file...
  -> Compressing package...
==> Leaving fakeroot environment.
==> Finished making: wpa_supplicant-runit 20180429-3 (Fri 05 Sep 2025 05:39:41 AM UTC)
