==> Making package: xinetd-runit 1:20210425-1 (Fri 05 Sep 2025 05:40:02 AM UTC)
==> Checking runtime dependencies...
==> Checking buildtime dependencies...
==> Retrieving sources...
  -> Found xinetd.run
==> WARNING: Skipping verification of source file PGP signatures.
==> Validating source files with sha256sums...
    xinetd.run ... Passed
==> Extracting sources...
==> Entering fakeroot environment...
==> Starting package()...
==> Tidying install...
  -> Removing libtool files...
  -> Purging unwanted files...
  -> Removing static library files...
  -> Stripping unneeded symbols from binaries and libraries...
  -> Compressing man and info pages...
==> Checking for packaging issues...
==> Creating package "xinetd-runit"...
  -> Generating .PKGINFO file...
  -> Generating .BUILDINFO file...
  -> Generating .MTREE file...
  -> Compressing package...
==> Leaving fakeroot environment.
==> Finished making: xinetd-runit 1:20210425-1 (Fri 05 Sep 2025 05:40:31 AM UTC)
