==> Making package: xl2tpd-runit 20190309-3 (Fri 05 Sep 2025 05:40:51 AM UTC)
==> Checking runtime dependencies...
==> Checking buildtime dependencies...
==> Retrieving sources...
  -> Found xl2tpd.run
==> WARNING: Skipping verification of source file PGP signatures.
==> Validating source files with sha256sums...
    xl2tpd.run ... Passed
==> Extracting sources...
==> Entering fakeroot environment...
==> Starting package()...
==> Tidying install...
  -> Removing libtool files...
  -> Purging unwanted files...
  -> Removing static library files...
  -> Stripping unneeded symbols from binaries and libraries...
  -> Compressing man and info pages...
==> Checking for packaging issues...
==> Creating package "xl2tpd-runit"...
  -> Generating .PKGINFO file...
  -> Generating .BUILDINFO file...
  -> Generating .MTREE file...
  -> Compressing package...
==> Leaving fakeroot environment.
==> Finished making: xl2tpd-runit 20190309-3 (Fri 05 Sep 2025 05:41:20 AM UTC)
